This is pdfTeX, Version 3.14159265-2.6-1.40.21 (MiKTeX 20.7) (preloaded format=pdflatex 2020.8.25)  10 FEB 2021 13:22
entering extended mode
**./main.tex
(main.tex
LaTeX2e <2020-02-02> patch level 5
L3 programming layer <2020-08-07>
("C:\Program Files\MiKTeX\tex/latex/base\report.cls"
Document Class: report 2019/12/20 v1.4l Standard LaTeX document class
("C:\Program Files\MiKTeX\tex/latex/base\size12.clo"
File: size12.clo 2019/12/20 v1.4l Standard LaTeX file (size option)
)
\c@part=\count168
\c@chapter=\count169
\c@section=\count170
\c@subsection=\count171
\c@subsubsection=\count172
\c@paragraph=\count173
\c@subparagraph=\count174
\c@figure=\count175
\c@table=\count176
\abovecaptionskip=\skip47
\belowcaptionskip=\skip48
\bibindent=\dimen134
)
\@input{preamble.aux}
\openout2 = `preamble.aux'.

(preamble.tex ("C:\Program Files\MiKTeX\tex/latex/graphics\graphicx.sty"
Package: graphicx 2019/11/30 v1.2a Enhanced LaTeX Graphics (DPC,SPQR)

("C:\Program Files\MiKTeX\tex/latex/graphics\keyval.sty"
Package: keyval 2014/10/28 v1.15 key=value parser (DPC)
\KV@toks@=\toks15
)
("C:\Program Files\MiKTeX\tex/latex/graphics\graphics.sty"
Package: graphics 2019/11/30 v1.4a Standard LaTeX Graphics (DPC,SPQR)

("C:\Program Files\MiKTeX\tex/latex/graphics\trig.sty"
Package: trig 2016/01/03 v1.10 sin cos tan (DPC)
)
("C:\Program Files\MiKTeX\tex/latex/graphics-cfg\graphics.cfg"
File: graphics.cfg 2016/06/04 v1.11 sample graphics configuration
)
Package graphics Info: Driver file: pdftex.def on input line 105.

("C:\Program Files\MiKTeX\tex/latex/graphics-def\pdftex.def"
File: pdftex.def 2018/01/08 v1.0l Graphics/color driver for pdftex
))
\Gin@req@height=\dimen135
\Gin@req@width=\dimen136
)
(C:\Users\Tunde\AppData\Roaming\MiKTeX\tex/latex/geometry\geometry.sty
Package: geometry 2020/01/02 v5.9 Page Geometry

("C:\Program Files\MiKTeX\tex/generic/iftex\ifvtex.sty"
Package: ifvtex 2019/10/25 v1.7 ifvtex legacy package. Use iftex instead.

("C:\Program Files\MiKTeX\tex/generic/iftex\iftex.sty"
Package: iftex 2020/03/06 v1.0d TeX engine tests
))
\Gm@cnth=\count177
\Gm@cntv=\count178
\c@Gm@tempcnt=\count179
\Gm@bindingoffset=\dimen137
\Gm@wd@mp=\dimen138
\Gm@odd@mp=\dimen139
\Gm@even@mp=\dimen140
\Gm@layoutwidth=\dimen141
\Gm@layoutheight=\dimen142
\Gm@layouthoffset=\dimen143
\Gm@layoutvoffset=\dimen144
\Gm@dimlist=\toks16

(C:\Users\Tunde\AppData\Roaming\MiKTeX\tex/latex/geometry\geometry.cfg))
("C:\Program Files\MiKTeX\tex/latex/base\inputenc.sty"
Package: inputenc 2018/08/11 v1.3c Input encoding file
\inpenc@prehook=\toks17
\inpenc@posthook=\toks18
)
("C:\Program Files\MiKTeX\tex/latex/base\t1enc.sty"
Package: t1enc 1994/06/01 Standard LaTeX package
)
("C:\Program Files\MiKTeX\tex/generic/babel\babel.sty"
Package: babel 2020/07/13 3.47 The Babel package

("C:\Program Files\MiKTeX\tex/generic/babel\babel.def"
File: babel.def 2020/07/13 3.47 Babel common definitions
\babel@savecnt=\count180
\U@D=\dimen145
\l@babelnohyphens=\language79

("C:\Program Files\MiKTeX\tex/generic/babel\txtbabel.def")
\bbl@readstream=\read2
)
\bbl@dirlevel=\count181

*************************************
* Local config file bblopts.cfg used
*
("C:\Program Files\MiKTeX\tex/latex/arabi\bblopts.cfg"
File: bblopts.cfg 2005/09/08 v0.1 add Arabic and Farsi to "declared" options of
 babel
)
(C:\Users\Tunde\AppData\Roaming\MiKTeX\tex/latex/babel-hungarian\magyar.ldf
Language: magyar 2019/01/14 v1.5c Magyar (Hungarian) support for babel
Package babel Info: Making ` an active character on input line 2819.
\c@footnote@add=\count182
\c@footnote@ch=\count183
))
(C:\Users\Tunde\AppData\Roaming\MiKTeX\tex/latex/mdwtools\footnote.sty
Package: footnote 1997/01/28 1.13 Save footnotes around boxes
\fn@notes=\box45
\fn@width=\dimen146
)
(C:\Users\Tunde\AppData\Roaming\MiKTeX\tex/latex/subfigure\subfigure.sty
Package: subfigure 2002/07/30 v2.1.4 subfigure package
\subfigtopskip=\skip49
\subfigcapskip=\skip50
\subfigcaptopadj=\dimen147
\subfigbottomskip=\skip51
\subfigcapmargin=\dimen148
\subfiglabelskip=\skip52
\c@subfigure=\count184
\c@lofdepth=\count185
\c@subtable=\count186
\c@lotdepth=\count187

****************************************
* Local config file subfigure.cfg used *
****************************************
(C:\Users\Tunde\AppData\Roaming\MiKTeX\tex/latex/subfigure\subfigure.cfg)
\subfig@top=\skip53
\subfig@bottom=\skip54
)
(C:\Users\Tunde\AppData\Roaming\MiKTeX\tex/latex/float\float.sty
Package: float 2001/11/08 v1.3d Float enhancements (AL)
\c@float@type=\count188
\float@exts=\toks19
\float@box=\box46
\@float@everytoks=\toks20
\@floatcapt=\box47
)
(C:\Users\Tunde\AppData\Roaming\MiKTeX\tex/latex/algorithm2e\algorithm2e.sty
Package: algorithm2e 2017/07/18 v5.2 algorithms environments
\c@AlgoLine=\count189

("C:\Program Files\MiKTeX\tex/latex/base\ifthen.sty"
Package: ifthen 2014/09/29 v1.1c Standard LaTeX ifthen package (DPC)
)
\algocf@hangindent=\skip55

(C:\Users\Tunde\AppData\Roaming\MiKTeX\tex/latex/ifoddpage\ifoddpage.sty
Package: ifoddpage 2016/04/23 v1.1 Conditionals for odd/even page detection
\c@checkoddpage=\count190
)
("C:\Program Files\MiKTeX\tex/latex/tools\xspace.sty"
Package: xspace 2014/10/28 v1.13 Space after command names (DPC,MH)
)
(C:\Users\Tunde\AppData\Roaming\MiKTeX\tex/latex/relsize\relsize.sty
Package: relsize 2013/03/29 ver 4.1
)
\skiptotal=\skip56
\skiplinenumber=\skip57
\skiprule=\skip58
\skiphlne=\skip59
\skiptext=\skip60
\skiplength=\skip61
\algomargin=\skip62
\skipalgocfslide=\skip63
\algowidth=\dimen149
\inoutsize=\dimen150
\inoutindent=\dimen151
\interspacetitleruled=\dimen152
\interspacealgoruled=\dimen153
\interspacetitleboxruled=\dimen154
\algocf@ruledwidth=\skip64
\algocf@inoutbox=\box48
\algocf@inputbox=\box49
\AlCapSkip=\skip65
\AlCapHSkip=\skip66
\algoskipindent=\skip67
\algocf@nlbox=\box50
\algocf@hangingbox=\box51
\algocf@untilbox=\box52
\algocf@skipuntil=\skip68
\algocf@capbox=\box53
\algocf@lcaptionbox=\skip69
\algoheightruledefault=\skip70
\algoheightrule=\skip71
\algotitleheightruledefault=\skip72
\algotitleheightrule=\skip73
\c@algocfline=\count191
\c@algocfproc=\count192
\c@algocf=\count193
\algocf@algoframe=\box54
\algocf@algobox=\box55
)
("C:\Program Files\MiKTeX\tex/latex/amsmath\amsmath.sty"
Package: amsmath 2020/01/20 v2.17e AMS math features
\@mathmargin=\skip74

For additional information on amsmath, use the `?' option.
("C:\Program Files\MiKTeX\tex/latex/amsmath\amstext.sty"
Package: amstext 2000/06/29 v2.01 AMS text

("C:\Program Files\MiKTeX\tex/latex/amsmath\amsgen.sty"
File: amsgen.sty 1999/11/30 v2.0 generic functions
\@emptytoks=\toks21
\ex@=\dimen155
))
("C:\Program Files\MiKTeX\tex/latex/amsmath\amsbsy.sty"
Package: amsbsy 1999/11/29 v1.2d Bold Symbols
\pmbraise@=\dimen156
)
("C:\Program Files\MiKTeX\tex/latex/amsmath\amsopn.sty"
Package: amsopn 2016/03/08 v2.02 operator names
)
\inf@bad=\count194
LaTeX Info: Redefining \frac on input line 227.
\uproot@=\count195
\leftroot@=\count196
LaTeX Info: Redefining \overline on input line 389.
\classnum@=\count197
\DOTSCASE@=\count198
LaTeX Info: Redefining \ldots on input line 486.
LaTeX Info: Redefining \dots on input line 489.
LaTeX Info: Redefining \cdots on input line 610.
\Mathstrutbox@=\box56
\strutbox@=\box57
\big@size=\dimen157
LaTeX Font Info:    Redeclaring font encoding OML on input line 733.
LaTeX Font Info:    Redeclaring font encoding OMS on input line 734.
\macc@depth=\count199
\c@MaxMatrixCols=\count266
\dotsspace@=\muskip16
\c@parentequation=\count267
\dspbrk@lvl=\count268
\tag@help=\toks22
\row@=\count269
\column@=\count270
\maxfields@=\count271
\andhelp@=\toks23
\eqnshift@=\dimen158
\alignsep@=\dimen159
\tagshift@=\dimen160
\tagwidth@=\dimen161
\totwidth@=\dimen162
\lineht@=\dimen163
\@envbody=\toks24
\multlinegap=\skip75
\multlinetaggap=\skip76
\mathdisplay@stack=\toks25
LaTeX Info: Redefining \[ on input line 2859.
LaTeX Info: Redefining \] on input line 2860.
)
(C:\Users\Tunde\AppData\Roaming\MiKTeX\tex/latex/psnfss\mathptmx.sty
Package: mathptmx 2020/03/25 PSNFSS-v9.3 Times w/ Math, improved (SPQR, WaS) 
LaTeX Font Info:    Redeclaring symbol font `operators' on input line 28.
LaTeX Font Info:    Overwriting symbol font `operators' in version `normal'
(Font)                  OT1/cmr/m/n --> OT1/ztmcm/m/n on input line 28.
LaTeX Font Info:    Overwriting symbol font `operators' in version `bold'
(Font)                  OT1/cmr/bx/n --> OT1/ztmcm/m/n on input line 28.
LaTeX Font Info:    Redeclaring symbol font `letters' on input line 29.
LaTeX Font Info:    Overwriting symbol font `letters' in version `normal'
(Font)                  OML/cmm/m/it --> OML/ztmcm/m/it on input line 29.
LaTeX Font Info:    Overwriting symbol font `letters' in version `bold'
(Font)                  OML/cmm/b/it --> OML/ztmcm/m/it on input line 29.
LaTeX Font Info:    Redeclaring symbol font `symbols' on input line 30.
LaTeX Font Info:    Overwriting symbol font `symbols' in version `normal'
(Font)                  OMS/cmsy/m/n --> OMS/ztmcm/m/n on input line 30.
LaTeX Font Info:    Overwriting symbol font `symbols' in version `bold'
(Font)                  OMS/cmsy/b/n --> OMS/ztmcm/m/n on input line 30.
LaTeX Font Info:    Redeclaring symbol font `largesymbols' on input line 31.
LaTeX Font Info:    Overwriting symbol font `largesymbols' in version `normal'
(Font)                  OMX/cmex/m/n --> OMX/ztmcm/m/n on input line 31.
LaTeX Font Info:    Overwriting symbol font `largesymbols' in version `bold'
(Font)                  OMX/cmex/m/n --> OMX/ztmcm/m/n on input line 31.
\symbold=\mathgroup4
\symitalic=\mathgroup5
LaTeX Font Info:    Redeclaring math alphabet \mathbf on input line 34.
LaTeX Font Info:    Overwriting math alphabet `\mathbf' in version `normal'
(Font)                  OT1/cmr/bx/n --> OT1/ptm/bx/n on input line 34.
LaTeX Font Info:    Overwriting math alphabet `\mathbf' in version `bold'
(Font)                  OT1/cmr/bx/n --> OT1/ptm/bx/n on input line 34.
LaTeX Font Info:    Redeclaring math alphabet \mathit on input line 35.
LaTeX Font Info:    Overwriting math alphabet `\mathit' in version `normal'
(Font)                  OT1/cmr/m/it --> OT1/ptm/m/it on input line 35.
LaTeX Font Info:    Overwriting math alphabet `\mathit' in version `bold'
(Font)                  OT1/cmr/bx/it --> OT1/ptm/m/it on input line 35.
LaTeX Info: Redefining \hbar on input line 50.
)
(C:\Users\Tunde\AppData\Roaming\MiKTeX\tex/latex/pdfpages\pdfpages.sty
Package: pdfpages 2020/01/28 v0.5q Insert pages of external PDF documents (AM)

("C:\Program Files\MiKTeX\tex/latex/tools\calc.sty"
Package: calc 2017/05/25 v4.3 Infix arithmetic (KKT,FJ)
\calc@Acount=\count272
\calc@Bcount=\count273
\calc@Adimen=\dimen164
\calc@Bdimen=\dimen165
\calc@Askip=\skip77
\calc@Bskip=\skip78
LaTeX Info: Redefining \setlength on input line 80.
LaTeX Info: Redefining \addtolength on input line 81.
\calc@Ccount=\count274
\calc@Cskip=\skip79
)
(C:\Users\Tunde\AppData\Roaming\MiKTeX\tex/latex/eso-pic\eso-pic.sty
Package: eso-pic 2018/04/12 v2.0h eso-pic (RN)

(C:\Users\Tunde\AppData\Roaming\MiKTeX\tex/generic/atbegshi\atbegshi.sty
Package: atbegshi 2019/12/05 v1.19 At begin shipout hook (HO)

(C:\Users\Tunde\AppData\Roaming\MiKTeX\tex/generic/infwarerr\infwarerr.sty
Package: infwarerr 2019/12/03 v1.5 Providing info/warning/error messages (HO)
)
(C:\Users\Tunde\AppData\Roaming\MiKTeX\tex/generic/ltxcmds\ltxcmds.sty
Package: ltxcmds 2019/12/15 v1.24 LaTeX kernel commands for general use (HO)
))
("C:\Program Files\MiKTeX\tex/latex/xcolor\xcolor.sty"
Package: xcolor 2016/05/11 v2.12 LaTeX color extensions (UK)

("C:\Program Files\MiKTeX\tex/latex/graphics-cfg\color.cfg"
File: color.cfg 2016/01/02 v1.6 sample color configuration
)
Package xcolor Info: Driver file: pdftex.def on input line 225.
Package xcolor Info: Model `cmy' substituted by `cmy0' on input line 1348.
Package xcolor Info: Model `hsb' substituted by `rgb' on input line 1352.
Package xcolor Info: Model `RGB' extended on input line 1364.
Package xcolor Info: Model `HTML' substituted by `rgb' on input line 1366.
Package xcolor Info: Model `Hsb' substituted by `hsb' on input line 1367.
Package xcolor Info: Model `tHsb' substituted by `hsb' on input line 1368.
Package xcolor Info: Model `HSB' substituted by `hsb' on input line 1369.
Package xcolor Info: Model `Gray' substituted by `gray' on input line 1370.
Package xcolor Info: Model `wave' substituted by `hsb' on input line 1371.
))
\AM@pagewidth=\dimen166
\AM@pageheight=\dimen167

(C:\Users\Tunde\AppData\Roaming\MiKTeX\tex/latex/pdfpages\pppdftex.def
File: pppdftex.def 2020/01/28 v0.5q Pdfpages driver for pdfTeX (AM)
)
\AM@pagebox=\box58
\AM@global@opts=\toks26
\AM@pagecnt=\count275
\AM@toc@title=\toks27
\c@AM@survey=\count276
\AM@templatesizebox=\box59
)
("C:\Program Files\MiKTeX\tex/latex/hyperref\hyperref.sty"
Package: hyperref 2020-05-15 v7.00e Hypertext links for LaTeX

("C:\Program Files\MiKTeX\tex/generic/pdftexcmds\pdftexcmds.sty"
Package: pdftexcmds 2020-06-27 v0.33 Utility functions of pdfTeX for LuaTeX (HO
)
Package pdftexcmds Info: \pdf@primitive is available.
Package pdftexcmds Info: \pdf@ifprimitive is available.
Package pdftexcmds Info: \pdfdraftmode found.
)
(C:\Users\Tunde\AppData\Roaming\MiKTeX\tex/generic/kvsetkeys\kvsetkeys.sty
Package: kvsetkeys 2019/12/15 v1.18 Key value parser (HO)
)
(C:\Users\Tunde\AppData\Roaming\MiKTeX\tex/generic/kvdefinekeys\kvdefinekeys.st
y
Package: kvdefinekeys 2019-12-19 v1.6 Define keys (HO)
) (C:\Users\Tunde\AppData\Roaming\MiKTeX\tex/generic/pdfescape\pdfescape.sty
Package: pdfescape 2019/12/09 v1.15 Implements pdfTeX's escape features (HO)
)
(C:\Users\Tunde\AppData\Roaming\MiKTeX\tex/latex/hycolor\hycolor.sty
Package: hycolor 2020-01-27 v1.10 Color options for hyperref/bookmark (HO)
)
(C:\Users\Tunde\AppData\Roaming\MiKTeX\tex/latex/letltxmacro\letltxmacro.sty
Package: letltxmacro 2019/12/03 v1.6 Let assignment for LaTeX macros (HO)
)
(C:\Users\Tunde\AppData\Roaming\MiKTeX\tex/latex/auxhook\auxhook.sty
Package: auxhook 2019-12-17 v1.6 Hooks for auxiliary files (HO)
)
(C:\Users\Tunde\AppData\Roaming\MiKTeX\tex/latex/kvoptions\kvoptions.sty
Package: kvoptions 2019/11/29 v3.13 Key value format for package options (HO)
)
\@linkdim=\dimen168
\Hy@linkcounter=\count277
\Hy@pagecounter=\count278

("C:\Program Files\MiKTeX\tex/latex/hyperref\pd1enc.def"
File: pd1enc.def 2020-05-15 v7.00e Hyperref: PDFDocEncoding definition (HO)
Now handling font encoding PD1 ...
... no UTF-8 mapping file for font encoding PD1
)
(C:\Users\Tunde\AppData\Roaming\MiKTeX\tex/generic/intcalc\intcalc.sty
Package: intcalc 2019/12/15 v1.3 Expandable calculations with integers (HO)
)
(C:\Users\Tunde\AppData\Roaming\MiKTeX\tex/generic/etexcmds\etexcmds.sty
Package: etexcmds 2019/12/15 v1.7 Avoid name clashes with e-TeX commands (HO)
)
\Hy@SavedSpaceFactor=\count279
Package hyperref Info: Hyper figures OFF on input line 4464.
Package hyperref Info: Link nesting OFF on input line 4469.
Package hyperref Info: Hyper index ON on input line 4472.
Package hyperref Info: Plain pages OFF on input line 4479.
Package hyperref Info: Backreferencing OFF on input line 4484.
Package hyperref Info: Implicit mode ON; LaTeX internals redefined.
Package hyperref Info: Bookmarks ON on input line 4717.
\c@Hy@tempcnt=\count280

("C:\Program Files\MiKTeX\tex/latex/url\url.sty"
\Urlmuskip=\muskip17
Package: url 2013/09/16  ver 3.4  Verb mode for urls, etc.
)
LaTeX Info: Redefining \url on input line 5076.
\XeTeXLinkMargin=\dimen169

(C:\Users\Tunde\AppData\Roaming\MiKTeX\tex/generic/bitset\bitset.sty
Package: bitset 2019/12/09 v1.3 Handle bit-vector datatype (HO)

(C:\Users\Tunde\AppData\Roaming\MiKTeX\tex/generic/bigintcalc\bigintcalc.sty
Package: bigintcalc 2019/12/15 v1.5 Expandable calculations on big integers (HO
)
))
\Fld@menulength=\count281
\Field@Width=\dimen170
\Fld@charsize=\dimen171
Package hyperref Info: Hyper figures OFF on input line 6347.
Package hyperref Info: Link nesting OFF on input line 6352.
Package hyperref Info: Hyper index ON on input line 6355.
Package hyperref Info: backreferencing OFF on input line 6362.
Package hyperref Info: Link coloring OFF on input line 6367.
Package hyperref Info: Link coloring with OCG OFF on input line 6372.
Package hyperref Info: PDF/A mode OFF on input line 6377.
LaTeX Info: Redefining \ref on input line 6417.
LaTeX Info: Redefining \pageref on input line 6421.
\Hy@abspage=\count282
\c@Item=\count283
\c@Hfootnote=\count284
)
Package hyperref Info: Driver (autodetected): hpdftex.
("C:\Program Files\MiKTeX\tex/latex/hyperref\hpdftex.def"
File: hpdftex.def 2020-05-15 v7.00e Hyperref driver for pdfTeX

(C:\Users\Tunde\AppData\Roaming\MiKTeX\tex/latex/atveryend\atveryend.sty
Package: atveryend 2019-12-11 v1.11 Hooks at the very end of document (HO)
Package atveryend Info: \enddocument detected (standard20110627).
)
\Fld@listcount=\count285
\c@bookmark@seq@number=\count286

(C:\Users\Tunde\AppData\Roaming\MiKTeX\tex/latex/rerunfilecheck\rerunfilecheck.
sty
Package: rerunfilecheck 2019/12/05 v1.9 Rerun checks for auxiliary files (HO)

(C:\Users\Tunde\AppData\Roaming\MiKTeX\tex/generic/uniquecounter\uniquecounter.
sty
Package: uniquecounter 2019/12/15 v1.4 Provide unlimited unique counter (HO)
)
Package uniquecounter Info: New unique counter `rerunfilecheck' on input line 2
86.
)
\Hy@SectionHShift=\skip80
)
Package hyperref Info: Option `colorlinks' set `true' on input line 27.
Package hyperref Info: Option `unicode' set `true' on input line 27.
 ("C:\Program Files\MiKTeX\tex/latex/hyperref\puenc.def"
File: puenc.def 2020-05-15 v7.00e Hyperref: PDF Unicode definition (HO)
Now handling font encoding PU ...
... no UTF-8 mapping file for font encoding PU
)
("C:\Program Files\MiKTeX\tex/latex/listings\listings.sty"
\lst@mode=\count287
\lst@gtempboxa=\box60
\lst@token=\toks28
\lst@length=\count288
\lst@currlwidth=\dimen172
\lst@column=\count289
\lst@pos=\count290
\lst@lostspace=\dimen173
\lst@width=\dimen174
\lst@newlines=\count291
\lst@lineno=\count292
\lst@maxwidth=\dimen175

("C:\Program Files\MiKTeX\tex/latex/listings\lstmisc.sty"
File: lstmisc.sty 2020/03/24 1.8d (Carsten Heinz)
\c@lstnumber=\count293
\lst@skipnumbers=\count294
\lst@framebox=\box61
)
("C:\Program Files\MiKTeX\tex/latex/listings\listings.cfg"
File: listings.cfg 2020/03/24 1.8d listings configuration
))
Package: listings 2020/03/24 1.8d (Carsten Heinz)
)
("C:\Program Files\MiKTeX\tex/latex/l3backend\l3backend-pdfmode.def"
File: l3backend-pdfmode.def 2020-08-07 L3 backend support: PDF mode
\l__kernel_color_stack_int=\count295
\l__pdf_internal_box=\box62
)

LaTeX Warning: Unused global option(s):
    [twosides].

(main.aux)
\openout1 = `main.aux'.

LaTeX Font Info:    Checking defaults for OML/cmm/m/it on input line 20.
LaTeX Font Info:    ... okay on input line 20.
LaTeX Font Info:    Checking defaults for OMS/cmsy/m/n on input line 20.
LaTeX Font Info:    ... okay on input line 20.
LaTeX Font Info:    Checking defaults for OT1/cmr/m/n on input line 20.
LaTeX Font Info:    ... okay on input line 20.
LaTeX Font Info:    Checking defaults for T1/cmr/m/n on input line 20.
LaTeX Font Info:    ... okay on input line 20.
LaTeX Font Info:    Checking defaults for TS1/cmr/m/n on input line 20.
LaTeX Font Info:    ... okay on input line 20.
LaTeX Font Info:    Checking defaults for OMX/cmex/m/n on input line 20.
LaTeX Font Info:    ... okay on input line 20.
LaTeX Font Info:    Checking defaults for U/cmr/m/n on input line 20.
LaTeX Font Info:    ... okay on input line 20.
LaTeX Font Info:    Checking defaults for PD1/pdf/m/n on input line 20.
LaTeX Font Info:    ... okay on input line 20.
LaTeX Font Info:    Checking defaults for PU/pdf/m/n on input line 20.
LaTeX Font Info:    ... okay on input line 20.
LaTeX Font Info:    Trying to load font information for T1+ptm on input line 20
.
 (C:\Users\Tunde\AppData\Roaming\MiKTeX\tex/latex/psnfss\t1ptm.fd
File: t1ptm.fd 2001/06/04 font definitions for T1/ptm.
)
("C:\Program Files\MiKTeX\tex/context/base/mkii\supp-pdf.mkii"
[Loading MPS to PDF converter (version 2006.09.02).]
\scratchcounter=\count296
\scratchdimen=\dimen176
\scratchbox=\box63
\nofMPsegments=\count297
\nofMParguments=\count298
\everyMPshowfont=\toks29
\MPscratchCnt=\count299
\MPscratchDim=\dimen177
\MPnumerator=\count300
\makeMPintoPDFobject=\count301
\everyMPtoPDFconversion=\toks30
) ("C:\Program Files\MiKTeX\tex/latex/epstopdf-pkg\epstopdf-base.sty"
Package: epstopdf-base 2020-01-24 v2.11 Base part for package epstopdf
Package epstopdf-base Info: Redefining graphics rule for `.eps' on input line 4
85.
)
*geometry* driver: auto-detecting
*geometry* detected driver: pdftex
*geometry* verbose mode - [ preamble ] result:
* driver: pdftex
* paper: <default>
* layout: <same size as paper>
* layoutoffset:(h,v)=(0.0pt,0.0pt)
* modes: 
* h-part:(L,W,R)=(71.13188pt, 486.25761pt, 56.9055pt)
* v-part:(T,H,B)=(71.13188pt, 628.44073pt, 95.39737pt)
* \paperwidth=614.295pt
* \paperheight=794.96999pt
* \textwidth=486.25761pt
* \textheight=628.44073pt
* \oddsidemargin=-1.1381pt
* \evensidemargin=-1.1381pt
* \topmargin=-38.1381pt
* \headheight=12.0pt
* \headsep=25.0pt
* \topskip=12.0pt
* \footskip=30.0pt
* \marginparwidth=44.0pt
* \marginparsep=10.0pt
* \columnsep=10.0pt
* \skip\footins=10.8pt plus 4.0pt minus 2.0pt
* \hoffset=0.0pt
* \voffset=0.0pt
* \mag=1000
* \@twocolumnfalse
* \@twosidefalse
* \@mparswitchfalse
* \@reversemarginfalse
* (1in=72.27pt=25.4mm, 1cm=28.453pt)

\AtBeginShipoutBox=\box64
(C:\Users\Tunde\AppData\Roaming\MiKTeX\tex/latex/pdflscape\pdflscape.sty
Package: pdflscape 2019/12/05 v0.12 Display of landscape pages in PDF (HO)

("C:\Program Files\MiKTeX\tex/latex/graphics\lscape.sty"
Package: lscape 2000/10/22 v3.01 Landscape Pages (DPC)
)
Package pdflscape Info: Auto-detected driver: pdftex on input line 81.
)
Package hyperref Info: Link coloring ON on input line 20.

("C:\Program Files\MiKTeX\tex/latex/hyperref\nameref.sty"
Package: nameref 2019/09/16 v2.46 Cross-referencing by name of section

(C:\Users\Tunde\AppData\Roaming\MiKTeX\tex/latex/refcount\refcount.sty
Package: refcount 2019/12/15 v3.6 Data extraction from label references (HO)
)
(C:\Users\Tunde\AppData\Roaming\MiKTeX\tex/generic/gettitlestring\gettitlestrin
g.sty
Package: gettitlestring 2019/12/15 v1.6 Cleanup title references (HO)
)
\c@section@level=\count302
)
LaTeX Info: Redefining \ref on input line 20.
LaTeX Info: Redefining \pageref on input line 20.
LaTeX Info: Redefining \nameref on input line 20.
 (main.out) (main.out)
\@outlinefile=\write3
\openout3 = `main.out'.

\c@lstlisting=\count303

("C:\Program Files\MiKTeX\tex/latex/base\report.cls"
LaTeX Info: Redefining \cal on input line 577.
LaTeX Info: Redefining \mit on input line 578.
)

pdfTeX warning: pdflatex.exe (file ./pdfs/allamvizsgaBorito.pdf): PDF inclusion
: found PDF version <1.7>, but at most version <1.5> allowed
<pdfs/allamvizsgaBorito.pdf, id=119, 597.55246pt x 845.07718pt>
File: pdfs/allamvizsgaBorito.pdf Graphic file (type pdf)
<use pdfs/allamvizsgaBorito.pdf>
Package pdftex.def Info: pdfs/allamvizsgaBorito.pdf  used on input line 22.
(pdftex.def)             Requested size: 597.551pt x 845.07512pt.


pdfTeX warning: pdflatex.exe (file ./pdfs/allamvizsgaBorito.pdf): PDF inclusion
: found PDF version <1.7>, but at most version <1.5> allowed
File: pdfs/allamvizsgaBorito.pdf Graphic file (type pdf)
<use pdfs/allamvizsgaBorito.pdf>
Package pdftex.def Info: pdfs/allamvizsgaBorito.pdf  used on input line 22.
(pdftex.def)             Requested size: 597.551pt x 845.07512pt.


pdfTeX warning: pdflatex.exe (file ./pdfs/allamvizsgaBorito.pdf): PDF inclusion
: found PDF version <1.7>, but at most version <1.5> allowed
File: pdfs/allamvizsgaBorito.pdf Graphic file (type pdf)
<use pdfs/allamvizsgaBorito.pdf>
Package pdftex.def Info: pdfs/allamvizsgaBorito.pdf  used on input line 22.
(pdftex.def)             Requested size: 597.551pt x 845.07512pt.


pdfTeX warning: pdflatex.exe (file ./pdfs/allamvizsgaBorito.pdf): PDF inclusion
: found PDF version <1.7>, but at most version <1.5> allowed
File: pdfs/allamvizsgaBorito.pdf Graphic file (type pdf)
<use pdfs/allamvizsgaBorito.pdf>
Package pdftex.def Info: pdfs/allamvizsgaBorito.pdf  used on input line 22.
(pdftex.def)             Requested size: 597.551pt x 845.07512pt.


pdfTeX warning: pdflatex.exe (file ./pdfs/allamvizsgaBorito.pdf): PDF inclusion
: found PDF version <1.7>, but at most version <1.5> allowed


pdfTeX warning: pdflatex.exe (file ./pdfs/allamvizsgaBorito.pdf): PDF inclusion
: found PDF version <1.7>, but at most version <1.5> allowed
<pdfs/allamvizsgaBorito.pdf, id=124, page=1, 597.55246pt x 845.07718pt>
File: pdfs/allamvizsgaBorito.pdf Graphic file (type pdf)
<use pdfs/allamvizsgaBorito.pdf, page 1>
Package pdftex.def Info: pdfs/allamvizsgaBorito.pdf , page1 used on input line 
22.
(pdftex.def)             Requested size: 597.551pt x 845.07512pt.
File: pdfs/allamvizsgaBorito.pdf Graphic file (type pdf)
<use pdfs/allamvizsgaBorito.pdf, page 1>
Package pdftex.def Info: pdfs/allamvizsgaBorito.pdf , page1 used on input line 
22.
(pdftex.def)             Requested size: 562.1644pt x 795.0303pt.
File: pdfs/allamvizsgaBorito.pdf Graphic file (type pdf)
<use pdfs/allamvizsgaBorito.pdf, page 1>
Package pdftex.def Info: pdfs/allamvizsgaBorito.pdf , page1 used on input line 
22.
(pdftex.def)             Requested size: 562.1644pt x 795.0303pt.
File: pdfs/allamvizsgaBorito.pdf Graphic file (type pdf)
<use pdfs/allamvizsgaBorito.pdf, page 1>
Package pdftex.def Info: pdfs/allamvizsgaBorito.pdf , page1 used on input line 
22.
(pdftex.def)             Requested size: 562.1644pt x 795.0303pt.
File: pdfs/allamvizsgaBorito.pdf Graphic file (type pdf)
<use pdfs/allamvizsgaBorito.pdf, page 1>
Package pdftex.def Info: pdfs/allamvizsgaBorito.pdf , page1 used on input line 
22.
(pdftex.def)             Requested size: 562.1644pt x 795.0303pt.
[1



\providecommand \oddpage@label [2]{}


 <./pdfs/allamvizsgaBorito.pdf>]

pdfTeX warning: pdflatex.exe (file ./pdfs/allamvizsgaBorito.pdf): PDF inclusion
: found PDF version <1.7>, but at most version <1.5> allowed
<pdfs/allamvizsgaBorito.pdf, id=155, page=2, 597.55246pt x 845.07718pt>
File: pdfs/allamvizsgaBorito.pdf Graphic file (type pdf)
<use pdfs/allamvizsgaBorito.pdf, page 2>
Package pdftex.def Info: pdfs/allamvizsgaBorito.pdf , page2 used on input line 
22.
(pdftex.def)             Requested size: 562.1644pt x 795.0303pt.
File: pdfs/allamvizsgaBorito.pdf Graphic file (type pdf)
<use pdfs/allamvizsgaBorito.pdf, page 2>
Package pdftex.def Info: pdfs/allamvizsgaBorito.pdf , page2 used on input line 
22.
(pdftex.def)             Requested size: 562.1644pt x 795.0303pt.
File: pdfs/allamvizsgaBorito.pdf Graphic file (type pdf)
<use pdfs/allamvizsgaBorito.pdf, page 2>
Package pdftex.def Info: pdfs/allamvizsgaBorito.pdf , page2 used on input line 
22.
(pdftex.def)             Requested size: 562.1644pt x 795.0303pt.
[2 <./pdfs/allamvizsgaBorito.pdf>]

pdfTeX warning: pdflatex.exe (file ./pdfs/allamvizsgaBorito.pdf): PDF inclusion
: found PDF version <1.7>, but at most version <1.5> allowed
<pdfs/allamvizsgaBorito.pdf, id=173, page=3, 597.55246pt x 845.07718pt>
File: pdfs/allamvizsgaBorito.pdf Graphic file (type pdf)
<use pdfs/allamvizsgaBorito.pdf, page 3>
Package pdftex.def Info: pdfs/allamvizsgaBorito.pdf , page3 used on input line 
22.
(pdftex.def)             Requested size: 562.1644pt x 795.0303pt.
File: pdfs/allamvizsgaBorito.pdf Graphic file (type pdf)
<use pdfs/allamvizsgaBorito.pdf, page 3>
Package pdftex.def Info: pdfs/allamvizsgaBorito.pdf , page3 used on input line 
22.
(pdftex.def)             Requested size: 562.1644pt x 795.0303pt.
File: pdfs/allamvizsgaBorito.pdf Graphic file (type pdf)
<use pdfs/allamvizsgaBorito.pdf, page 3>
Package pdftex.def Info: pdfs/allamvizsgaBorito.pdf , page3 used on input line 
22.
(pdftex.def)             Requested size: 562.1644pt x 795.0303pt.
[3 <./pdfs/allamvizsgaBorito.pdf>] (chapters/abstractRo.tex) [4{C:/Users/Tunde/
AppData/Local/MiKTeX/pdftex/config/pdftex.map}]
File: pdfs/allamvizsgaBorito.pdf Graphic file (type pdf)
<use pdfs/allamvizsgaBorito.pdf>
Package pdftex.def Info: pdfs/allamvizsgaBorito.pdf  used on input line 28.
(pdftex.def)             Requested size: 597.551pt x 845.07512pt.


pdfTeX warning: pdflatex.exe (file ./pdfs/allamvizsgaBorito.pdf): PDF inclusion
: found PDF version <1.7>, but at most version <1.5> allowed
File: pdfs/allamvizsgaBorito.pdf Graphic file (type pdf)
<use pdfs/allamvizsgaBorito.pdf>
Package pdftex.def Info: pdfs/allamvizsgaBorito.pdf  used on input line 28.
(pdftex.def)             Requested size: 597.551pt x 845.07512pt.


pdfTeX warning: pdflatex.exe (file ./pdfs/allamvizsgaBorito.pdf): PDF inclusion
: found PDF version <1.7>, but at most version <1.5> allowed


pdfTeX warning: pdflatex.exe (file ./pdfs/allamvizsgaBorito.pdf): PDF inclusion
: found PDF version <1.7>, but at most version <1.5> allowed
<pdfs/allamvizsgaBorito.pdf, id=206, page=6, 597.55246pt x 845.07718pt>
File: pdfs/allamvizsgaBorito.pdf Graphic file (type pdf)
<use pdfs/allamvizsgaBorito.pdf, page 6>
Package pdftex.def Info: pdfs/allamvizsgaBorito.pdf , page6 used on input line 
28.
(pdftex.def)             Requested size: 597.551pt x 845.07512pt.
File: pdfs/allamvizsgaBorito.pdf Graphic file (type pdf)
<use pdfs/allamvizsgaBorito.pdf, page 6>
Package pdftex.def Info: pdfs/allamvizsgaBorito.pdf , page6 used on input line 
28.
(pdftex.def)             Requested size: 562.1644pt x 795.0303pt.
File: pdfs/allamvizsgaBorito.pdf Graphic file (type pdf)
<use pdfs/allamvizsgaBorito.pdf, page 6>
Package pdftex.def Info: pdfs/allamvizsgaBorito.pdf , page6 used on input line 
28.
(pdftex.def)             Requested size: 562.1644pt x 795.0303pt.
File: pdfs/allamvizsgaBorito.pdf Graphic file (type pdf)
<use pdfs/allamvizsgaBorito.pdf, page 6>
Package pdftex.def Info: pdfs/allamvizsgaBorito.pdf , page6 used on input line 
28.
(pdftex.def)             Requested size: 562.1644pt x 795.0303pt.
File: pdfs/allamvizsgaBorito.pdf Graphic file (type pdf)
<use pdfs/allamvizsgaBorito.pdf, page 6>
Package pdftex.def Info: pdfs/allamvizsgaBorito.pdf , page6 used on input line 
28.
(pdftex.def)             Requested size: 562.1644pt x 795.0303pt.
[5 <./pdfs/allamvizsgaBorito.pdf>] (chapters/abstractHu.tex) [6]
(chapters/abstractEn.tex) [7] (main.toc
LaTeX Font Info:    Trying to load font information for OT1+ztmcm on input line
 21.

(C:\Users\Tunde\AppData\Roaming\MiKTeX\tex/latex/psnfss\ot1ztmcm.fd
File: ot1ztmcm.fd 2000/01/03 Fontinst v1.801 font definitions for OT1/ztmcm.
)
LaTeX Font Info:    Trying to load font information for OML+ztmcm on input line
 21.

(C:\Users\Tunde\AppData\Roaming\MiKTeX\tex/latex/psnfss\omlztmcm.fd
File: omlztmcm.fd 2000/01/03 Fontinst v1.801 font definitions for OML/ztmcm.
)
LaTeX Font Info:    Trying to load font information for OMS+ztmcm on input line
 21.

(C:\Users\Tunde\AppData\Roaming\MiKTeX\tex/latex/psnfss\omsztmcm.fd
File: omsztmcm.fd 2000/01/03 Fontinst v1.801 font definitions for OMS/ztmcm.
)
LaTeX Font Info:    Trying to load font information for OMX+ztmcm on input line
 21.

(C:\Users\Tunde\AppData\Roaming\MiKTeX\tex/latex/psnfss\omxztmcm.fd
File: omxztmcm.fd 2000/01/03 Fontinst v1.801 font definitions for OMX/ztmcm.
)
LaTeX Font Info:    Trying to load font information for OT1+ptm on input line 2
1.

(C:\Users\Tunde\AppData\Roaming\MiKTeX\tex/latex/psnfss\ot1ptm.fd
File: ot1ptm.fd 2001/06/04 font definitions for OT1/ptm.
)
LaTeX Font Info:    Font shape `OT1/ptm/bx/n' in size <12> not available
(Font)              Font shape `OT1/ptm/b/n' tried instead on input line 21.
LaTeX Font Info:    Font shape `OT1/ptm/bx/n' in size <9> not available
(Font)              Font shape `OT1/ptm/b/n' tried instead on input line 21.
LaTeX Font Info:    Font shape `OT1/ptm/bx/n' in size <7> not available
(Font)              Font shape `OT1/ptm/b/n' tried instead on input line 21.
 [1

])
\tf@toc=\write4
\openout4 = `main.toc'.

pdfTeX warning (ext4): destination with the same identifier (name{page.}) has b
een already used, duplicate ignored
<to be read again> 
                   \relax 
l.42 \listoffigures
                    [2] (main.lof)
\tf@lof=\write5
\openout5 = `main.lof'.

pdfTeX warning (ext4): destination with the same identifier (name{page.}) has b
een already used, duplicate ignored
<to be read again> 
                   \relax 
l.44 \chapter
             {Bevezető} [3

]
1. fejezet.
(chapters/introduction.texpdfTeX warning (ext4): destination with the same iden
tifier (name{page.1}) has been already used, duplicate ignored
<to be read again> 
                   \relax 
l.7 \paragraph
              {} [1

]pdfTeX warning (ext4): destination with the same identifier (name{page.2}) has
 been already used, duplicate ignored
<to be read again> 
                   \relax 
l.13 \paragraph
               {} [2])pdfTeX warning (ext4): destination with the same identifi
er (name{page.3}) has been already used, duplicate ignored
<to be read again> 
                   \relax 
l.48 \chapter
             {Célkitűzések} [3]
2. fejezet.
(chapters/aims.texpdfTeX warning (ext4): destination with the same identifier (
name{page.4}) has been already used, duplicate ignored
<to be read again> 
                   \relax 
l.11 	\paragraph
                {} [4

])pdfTeX warning (ext4): destination with the same identifier (name{page.5}) ha
s been already used, duplicate ignored
<to be read again> 
                   \relax 
l.51 \chapter
             {Szakirodalom áttekintése} [5]
3. fejezet.
(chapters/literature.tex
LaTeX Font Info:    Trying to load font information for TS1+ptm on input line 1
0.

(C:\Users\Tunde\AppData\Roaming\MiKTeX\tex/latex/psnfss\ts1ptm.fd
File: ts1ptm.fd 2001/06/04 font definitions for TS1/ptm.
)pdfTeX warning (ext4): destination with the same identifier (name{page.6}) has
 been already used, duplicate ignored
<to be read again> 
                   \relax 
l.14 \end{itemize}
                   [6

]pdfTeX warning (ext4): destination with the same identifier (name{page.7}) has
 been already used, duplicate ignored
<to be read again> 
                   \relax 
l.28 
      [7] [8] [9]) [10]
4. fejezet.
(chapters/technologies/databases.tex [11

]
<figures/images/performance_a.png, id=389, 380.92313pt x 196.48407pt>
File: figures/images/performance_a.png Graphic file (type png)
<use figures/images/performance_a.png>
Package pdftex.def Info: figures/images/performance_a.png  used on input line 2
0.
(pdftex.def)             Requested size: 228.55562pt x 117.89134pt.
<figures/images/performance_b.png, id=393, 367.3725pt x 202.50656pt>
File: figures/images/performance_b.png Graphic file (type png)
<use figures/images/performance_b.png>
Package pdftex.def Info: figures/images/performance_b.png  used on input line 2
9.
(pdftex.def)             Requested size: 220.42519pt x 121.50485pt.
<figures/images/performance_c.png, id=396, 372.64218pt x 199.49532pt>
File: figures/images/performance_c.png Graphic file (type png)
<use figures/images/performance_c.png>
Package pdftex.def Info: figures/images/performance_c.png  used on input line 3
8.
(pdftex.def)             Requested size: 223.58702pt x 119.69809pt.
)
(chapters/technologies/frameworks.tex [12] [13 <./figures/images/performance_a.
png> <./figures/images/performance_b.png> <./figures/images/performance_c.png>]
[14]
LaTeX Font Info:    Font shape `OT1/ptm/bx/n' in size <10> not available
(Font)              Font shape `OT1/ptm/b/n' tried instead on input line 29.
LaTeX Font Info:    Font shape `OT1/ptm/bx/n' in size <7.4> not available
(Font)              Font shape `OT1/ptm/b/n' tried instead on input line 29.
LaTeX Font Info:    Font shape `OT1/ptm/bx/n' in size <6> not available
(Font)              Font shape `OT1/ptm/b/n' tried instead on input line 29.
 [15]
<figures/images/vueang.png, id=439, 855.195pt x 300.3722pt>
File: figures/images/vueang.png Graphic file (type png)
<use figures/images/vueang.png>
Package pdftex.def Info: figures/images/vueang.png  used on input line 66.
(pdftex.def)             Requested size: 513.12097pt x 180.22469pt.

Overfull \hbox (26.86336pt too wide) in paragraph at lines 66--67
 [][] 
 []

[16 <./figures/images/vueang.png>] [17]
<figures/images/nodespring.png, id=465, 605.26125pt x 279.29344pt>
File: figures/images/nodespring.png Graphic file (type png)
<use figures/images/nodespring.png>
Package pdftex.def Info: figures/images/nodespring.png  used on input line 114.

(pdftex.def)             Requested size: 363.15953pt x 167.57735pt.
) [18 <./figures/images/nodespring.png>]
5. fejezet.
(chapters/functionalities.tex [19

] [20])
(chapters/specificationRequirments/userRequirements.tex [21]
<figures/images/UseCase.png, id=502, 872.25874pt x 735.74875pt>
File: figures/images/UseCase.png Graphic file (type png)
<use figures/images/UseCase.png>
Package pdftex.def Info: figures/images/UseCase.png  used on input line 16.
(pdftex.def)             Requested size: 523.35928pt x 441.45265pt.

Overfull \hbox (37.10167pt too wide) in paragraph at lines 16--17
 [][] 
 []

) (chapters/specificationRequirments/systemsRequirements.tex) [22] [23 <./figur
es/images/UseCase.png>]
6. fejezet.
[24

]
7. fejezet.
(chapters/executions.tex [25

]
<figures/images/Sapi3dTour.png, id=526, 983.675pt x 901.3675pt>
File: figures/images/Sapi3dTour.png Graphic file (type png)
<use figures/images/Sapi3dTour.png>
Package pdftex.def Info: figures/images/Sapi3dTour.png  used on input line 16.
(pdftex.def)             Requested size: 491.8363pt x 450.68263pt.

Overfull \hbox (5.57869pt too wide) in paragraph at lines 16--17
 [][] 
 []

[26] [27 <./figures/images/Sapi3dTour.png>]
<figures/images/drawbar.png, id=543, 1204.5pt x 571.38469pt>
File: figures/images/drawbar.png Graphic file (type png)
<use figures/images/drawbar.png>
Package pdftex.def Info: figures/images/drawbar.png  used on input line 29.
(pdftex.def)             Requested size: 481.79147pt x 228.54982pt.
<figures/images/changedata.png, id=544, 1202.24156pt x 569.87906pt>
File: figures/images/changedata.png Graphic file (type png)
<use figures/images/changedata.png>
Package pdftex.def Info: figures/images/changedata.png  used on input line 35.
(pdftex.def)             Requested size: 480.8881pt x 227.94757pt.
<figures/images/admin.png, id=546, 1204.5pt x 574.39594pt>
File: figures/images/admin.png Graphic file (type png)
<use figures/images/admin.png>
Package pdftex.def Info: figures/images/admin.png  used on input line 44.
(pdftex.def)             Requested size: 481.79147pt x 229.75429pt.
 [28 <./figures/images/drawbar.png>]
<figures/images/modell.png, id=557, 1203.7472pt x 572.89032pt>
File: figures/images/modell.png Graphic file (type png)
<use figures/images/modell.png>
Package pdftex.def Info: figures/images/modell.png  used on input line 54.
(pdftex.def)             Requested size: 481.49034pt x 229.15207pt.
<figures/images/drawbarevery.png, id=558, 190.46156pt x 161.85469pt>
File: figures/images/drawbarevery.png Graphic file (type png)
<use figures/images/drawbarevery.png>
Package pdftex.def Info: figures/images/drawbarevery.png  used on input line 61
.
(pdftex.def)             Requested size: 133.32216pt x 113.2975pt.
) [29 <./figures/images/changedata.png>] [30 <./figures/images/admin.png> <./fi
gures/images/modell.png>] [31 <./figures/images/drawbarevery.png>]
8. fejezet.
(chapters/summary.tex) (main.bbl [32

] [33

]
Underfull \hbox (badness 10000) in paragraph at lines 85--87
[]\T1/ptm/m/n/12 Nodejs vs spring boot.'' [][]$https : / / www . chapter247 . 
com / blog /
 []

)
Package atveryend Info: Empty hook `BeforeClearDocument' on input line 90.
 [34]
Package atveryend Info: Empty hook `AfterLastShipout' on input line 90.
 (main.aux)
Package atveryend Info: Executing hook `AtVeryEndDocument' on input line 90.
Package atveryend Info: Executing hook `AtEndAfterFileList' on input line 90.
Package rerunfilecheck Info: File `main.out' has not changed.
(rerunfilecheck)             Checksum: 65A674FE6717D4DDDE1AB9CD79280059;5198.
Package atveryend Info: Empty hook `AtVeryVeryEnd' on input line 90.
 ) 
Here is how much of TeX's memory you used:
 15504 strings out of 481212
 230207 string characters out of 2915727
 519909 words of memory out of 3000000
 30616 multiletter control sequences out of 15000+200000
 579963 words of font info for 87 fonts, out of 3000000 for 9000
 1141 hyphenation exceptions out of 8191
 48i,18n,49p,1414b,636s stack positions out of 5000i,500n,10000p,200000b,50000s
{C:/Program Files/MiKTeX/fonts/enc/dvips/base/8r.enc}<C:/Program Files/MiKTeX
/fonts/type1/urw/times/utmb8a.pfb><C:/Program Files/MiKTeX/fonts/type1/urw/time
s/utmr8a.pfb><C:/Program Files/MiKTeX/fonts/type1/urw/times/utmri8a.pfb>
Output written on main.pdf (44 pages, 1786485 bytes).
PDF statistics:
 651 PDF objects out of 1000 (max. 8388607)
 180 named destinations out of 1000 (max. 500000)
 348 words of extra memory for PDF output out of 10000 (max. 10000000)

