\BOOKMARK [0][-]{chapter.1}{\376\377\000B\000e\000v\000e\000z\000e\000t\001\121}{}% 1
\BOOKMARK [0][-]{chapter.2}{\376\377\000C\000\351\000l\000k\000i\000t\001\161\000z\000\351\000s\000e\000k}{}% 2
\BOOKMARK [0][-]{chapter.3}{\376\377\000S\000z\000a\000k\000i\000r\000o\000d\000a\000l\000o\000m\000\040\000\341\000t\000t\000e\000k\000i\000n\000t\000\351\000s\000e}{}% 3
\BOOKMARK [0][-]{chapter.4}{\376\377\000T\000e\000c\000h\000n\000o\000l\000\363\000g\000i\000a\000i\000\040\000\341\000t\000t\000e\000k\000i\000n\000t\000\351\000s}{}% 4
\BOOKMARK [1][-]{section.4.1}{\376\377\000A\000d\000a\000t\000b\000\341\000z\000i\000s\000o\000k}{chapter.4}% 5
\BOOKMARK [2][-]{subsection.4.1.1}{\376\377\000S\000Q\000L\000\050\000S\000t\000r\000u\000c\000t\000u\000r\000e\000d\000\040\000Q\000u\000e\000r\000y\000\040\000L\000a\000n\000g\000u\000a\000g\000e\000\051}{section.4.1}% 6
\BOOKMARK [2][-]{subsection.4.1.2}{\376\377\000N\000o\000S\000Q\000L\000\050\000N\000o\000t\000\040\000o\000n\000l\000y\000\040\000S\000t\000r\000u\000c\000t\000u\000r\000e\000d\000\040\000Q\000u\000e\000r\000y\000\040\000L\000a\000n\000g\000u\000a\000g\000e\000\051}{section.4.1}% 7
\BOOKMARK [2][-]{subsection.4.1.3}{\376\377\000S\000Q\000L\000\040\000v\000s\000\040\000N\000o\000S\000Q\000L}{section.4.1}% 8
\BOOKMARK [1][-]{section.4.2}{\376\377\000K\000e\000r\000e\000t\000r\000e\000n\000d\000s\000z\000e\000r\000e\000k}{chapter.4}% 9
\BOOKMARK [2][-]{subsection.4.2.1}{\376\377\000A\000n\000g\000u\000l\000a\000r}{section.4.2}% 10
\BOOKMARK [2][-]{subsection.4.2.2}{\376\377\000V\000u\000e\000.\000j\000s}{section.4.2}% 11
\BOOKMARK [2][-]{subsection.4.2.3}{\376\377\000A\000n\000g\000u\000l\000a\000r\000\040\000v\000s\000\040\000V\000u\000e\000.\000j\000s}{section.4.2}% 12
\BOOKMARK [2][-]{subsection.4.2.4}{\376\377\000N\000o\000d\000e\000J\000s}{section.4.2}% 13
\BOOKMARK [2][-]{subsection.4.2.5}{\376\377\000S\000p\000r\000i\000n\000g\000\040\000B\000o\000o\000t}{section.4.2}% 14
\BOOKMARK [2][-]{subsection.4.2.6}{\376\377\000N\000o\000d\000e\000J\000s\000\040\000v\000s\000\040\000S\000p\000r\000i\000n\000g\000\040\000B\000o\000o\000t}{section.4.2}% 15
\BOOKMARK [0][-]{chapter.5}{\376\377\000K\000\366\000v\000e\000t\000e\000l\000m\000\351\000n\000y\000\040\000s\000p\000e\000c\000i\000f\000i\000k\000\341\000c\000i\000\363}{}% 16
\BOOKMARK [1][-]{section.5.1}{\376\377\000F\000u\000n\000k\000c\000i\000o\000n\000a\000l\000i\000t\000\341\000s\000o\000k}{chapter.5}% 17
\BOOKMARK [1][-]{section.5.2}{\376\377\000F\000e\000l\000h\000a\000s\000z\000n\000\341\000l\000\363\000i\000\040\000k\000\366\000v\000e\000t\000e\000l\000m\000\351\000n\000y\000e\000k}{chapter.5}% 18
\BOOKMARK [1][-]{section.5.3}{\376\377\000R\000e\000n\000d\000s\000z\000e\000r\000\040\000k\000\366\000v\000e\000t\000e\000l\000e\000m\000\351\000n\000y\000e\000k}{chapter.5}% 19
\BOOKMARK [0][-]{chapter.6}{\376\377\000A\000r\000c\000h\000i\000t\000e\000k\000t\000\372\000r\000a}{}% 20
\BOOKMARK [0][-]{chapter.7}{\376\377\000G\000y\000a\000k\000o\000r\000l\000a\000t\000i\000\040\000m\000e\000g\000v\000a\000l\000\363\000s\000\355\000t\000\341\000s}{}% 21
\BOOKMARK [1][-]{section.7.1}{\376\377\000M\000e\000g\000v\000a\000l\000\363\000s\000\355\000t\000\341\000s\000o\000k}{chapter.7}% 22
\BOOKMARK [0][-]{chapter.8}{\376\377\000\326\000s\000s\000z\000e\000f\000o\000g\000l\000a\000l\000\341\000s}{}% 23
\BOOKMARK [0][-]{section*.66}{\376\377\000I\000r\000o\000d\000a\000l\000o\000m\000j\000e\000g\000y\000z\000\351\000k}{}% 24
